[08-Sep-2017 10:43:47]  [pool www] pid 118480
script_filename = /data/common/common.php
[0x00007f5987418b10] mcrypt_encrypt() /data/common/includes/lib_common.php:115
[0x00007f59874185b0] TransCrypt() /data/common/includes/lib_common.php:164
[0x00007f5987417c80] mll_thumb() /data/common/includes/cls_template.php(1185) : eval()'d code:88
[0x00007f5987412648] +++ dump failed

[08-Sep-2017 10:43:57]  [pool www] pid 118435
script_filename = /data/common/common.php
[0x00007f59874164c8] curl_exec() /data/common/includes/lib_common.php:74
[0x00007f5987415630] curl_file_get_contents() /data/common/includes/Tpl_xml.class.php:896
[0x00007f5987414d50] data_function() /data/common/includes/Tpl_xml.class.php:764
[0x00007f59874111a0] deal_data() /data/common/includes/Tpl_xml.class.php:165
[0x00007f598740fdc8] __construct() /data/common/common.php:215

[08-Sep-2017 10:43:57]  [pool www] pid 118714
script_filename = /data/common/common.php
[0x00007f5987415318] curl_exec() /data/common/includes/lib_common.php:74
[0x00007f5987414480] curl_file_get_contents() /data/common/includes/Tpl_xml.class.php:896
[0x00007f5987413ba0] data_function() /data/common/includes/Tpl_xml.class.php:764
[0x00007f598740fff0] deal_data() /data/common/includes/Tpl_xml.class.php:165
[0x00007f598740ec18] __construct() /data/common/common.php:215