INFO  2016-12-23 14:41:55,558 86n9qeGEjHX0vIUf-Up8d9PF0Gp02L-OIShOr7K6pb8lXTkzuiSUySNrSTUEjKLV  
INFO  2016-12-23 14:48:53,042 86n9qeGEjHX0vIUf-Up8d9PF0Gp02L-OIShOr7K6pb8lXTkzuiSUySNrSTUEjKLV  
INFO  2016-12-23 14:48:53,043 Starting new HTTPS connection (1): qyapi.weixin.qq.com  
DEBUG  2016-12-23 14:48:53,239 "POST /cgi-bin/message/send?access_token=86n9qeGEjHX0vIUf-Up8d9PF0Gp02L-OIShOr7K6pb8lXTkzuiSUySNrSTUEjKLV HTTP/1.1" 200 44  
INFO  2016-12-23 14:50:43,270 86n9qeGEjHX0vIUf-Up8d9PF0Gp02L-OIShOr7K6pb8lXTkzuiSUySNrSTUEjKLV  
INFO  2016-12-23 14:50:43,272 Starting new HTTPS connection (1): qyapi.weixin.qq.com  
DEBUG  2016-12-23 14:50:43,471 "POST /cgi-bin/message/send?access_token=86n9qeGEjHX0vIUf-Up8d9PF0Gp02L-OIShOr7K6pb8lXTkzuiSUySNrSTUEjKLV HTTP/1.1" 200 44  
INFO  2016-12-23 14:51:29,959 86n9qeGEjHX0vIUf-Up8d9PF0Gp02L-OIShOr7K6pb8lXTkzuiSUySNrSTUEjKLV  
INFO  2016-12-23 14:51:29,960 Starting new HTTPS connection (1): qyapi.weixin.qq.com  
DEBUG  2016-12-23 14:51:30,183 "POST /cgi-bin/message/send?access_token=86n9qeGEjHX0vIUf-Up8d9PF0Gp02L-OIShOr7K6pb8lXTkzuiSUySNrSTUEjKLV HTTP/1.1" 200 44  
INFO  2016-12-23 14:53:25,509 86n9qeGEjHX0vIUf-Up8d9PF0Gp02L-OIShOr7K6pb8lXTkzuiSUySNrSTUEjKLV  
INFO  2016-12-23 14:53:25,509 Starting new HTTPS connection (1): qyapi.weixin.qq.com  
DEBUG  2016-12-23 14:53:25,714 "POST /cgi-bin/message/send?access_token=86n9qeGEjHX0vIUf-Up8d9PF0Gp02L-OIShOr7K6pb8lXTkzuiSUySNrSTUEjKLV HTTP/1.1" 200 44  
INFO  2016-12-23 14:55:02,757 86n9qeGEjHX0vIUf-Up8d9PF0Gp02L-OIShOr7K6pb8lXTkzuiSUySNrSTUEjKLV  
INFO  2016-12-23 14:55:02,759 Starting new HTTPS connection (1): qyapi.weixin.qq.com  
DEBUG  2016-12-23 14:55:02,973 "POST /cgi-bin/message/send?access_token=86n9qeGEjHX0vIUf-Up8d9PF0Gp02L-OIShOr7K6pb8lXTkzuiSUySNrSTUEjKLV HTTP/1.1" 200 44  
INFO  2016-12-23 14:55:23,052 86n9qeGEjHX0vIUf-Up8d9PF0Gp02L-OIShOr7K6pb8lXTkzuiSUySNrSTUEjKLV  
INFO  2016-12-23 14:55:23,053 Starting new HTTPS connection (1): qyapi.weixin.qq.com  
DEBUG  2016-12-23 14:55:23,266 "POST /cgi-bin/message/send?access_token=86n9qeGEjHX0vIUf-Up8d9PF0Gp02L-OIShOr7K6pb8lXTkzuiSUySNrSTUEjKLV HTTP/1.1" 200 44  
INFO  2016-12-23 14:57:12,635 86n9qeGEjHX0vIUf-Up8d9PF0Gp02L-OIShOr7K6pb8lXTkzuiSUySNrSTUEjKLV  
INFO  2016-12-23 14:57:12,638 Starting new HTTPS connection (1): qyapi.weixin.qq.com  
DEBUG  2016-12-23 14:57:12,844 "POST /cgi-bin/message/send?access_token=86n9qeGEjHX0vIUf-Up8d9PF0Gp02L-OIShOr7K6pb8lXTkzuiSUySNrSTUEjKLV HTTP/1.1" 200 44  
INFO  2016-12-23 14:57:33,789 86n9qeGEjHX0vIUf-Up8d9PF0Gp02L-OIShOr7K6pb8lXTkzuiSUySNrSTUEjKLV  
INFO  2016-12-23 14:57:33,789 Starting new HTTPS connection (1): qyapi.weixin.qq.com  
DEBUG  2016-12-23 14:57:33,976 "POST /cgi-bin/message/send?access_token=86n9qeGEjHX0vIUf-Up8d9PF0Gp02L-OIShOr7K6pb8lXTkzuiSUySNrSTUEjKLV HTTP/1.1" 200 44  
INFO  2016-12-23 14:58:01,349 86n9qeGEjHX0vIUf-Up8d9PF0Gp02L-OIShOr7K6pb8lXTkzuiSUySNrSTUEjKLV  
INFO  2016-12-23 14:58:01,351 Starting new HTTPS connection (1): qyapi.weixin.qq.com  
DEBUG  2016-12-23 14:58:01,555 "POST /cgi-bin/message/send?access_token=86n9qeGEjHX0vIUf-Up8d9PF0Gp02L-OIShOr7K6pb8lXTkzuiSUySNrSTUEjKLV HTTP/1.1" 200 44  
INFO  2016-12-23 15:00:29,926 86n9qeGEjHX0vIUf-Up8d9PF0Gp02L-OIShOr7K6pb8lXTkzuiSUySNrSTUEjKLV  
INFO  2016-12-23 15:00:29,927 Starting new HTTPS connection (1): qyapi.weixin.qq.com  
DEBUG  2016-12-23 15:00:30,138 "POST /cgi-bin/message/send?access_token=86n9qeGEjHX0vIUf-Up8d9PF0Gp02L-OIShOr7K6pb8lXTkzuiSUySNrSTUEjKLV HTTP/1.1" 200 44  
INFO  2016-12-23 15:00:40,645 86n9qeGEjHX0vIUf-Up8d9PF0Gp02L-OIShOr7K6pb8lXTkzuiSUySNrSTUEjKLV  
INFO  2016-12-23 15:00:40,648 Starting new HTTPS connection (1): qyapi.weixin.qq.com  
DEBUG  2016-12-23 15:00:40,846 "POST /cgi-bin/message/send?access_token=86n9qeGEjHX0vIUf-Up8d9PF0Gp02L-OIShOr7K6pb8lXTkzuiSUySNrSTUEjKLV HTTP/1.1" 200 44  
INFO  2016-12-23 15:02:36,269 86n9qeGEjHX0vIUf-Up8d9PF0Gp02L-OIShOr7K6pb8lXTkzuiSUySNrSTUEjKLV  
INFO  2016-12-23 15:02:36,269 Starting new HTTPS connection (1): qyapi.weixin.qq.com  
DEBUG  2016-12-23 15:02:36,515 "POST /cgi-bin/message/send?access_token=86n9qeGEjHX0vIUf-Up8d9PF0Gp02L-OIShOr7K6pb8lXTkzuiSUySNrSTUEjKLV HTTP/1.1" 200 27  
INFO  2016-12-23 15:03:07,552 86n9qeGEjHX0vIUf-Up8d9PF0Gp02L-OIShOr7K6pb8lXTkzuiSUySNrSTUEjKLV  
INFO  2016-12-23 15:03:07,553 Starting new HTTPS connection (1): qyapi.weixin.qq.com  
DEBUG  2016-12-23 15:03:07,772 "POST /cgi-bin/message/send?access_token=86n9qeGEjHX0vIUf-Up8d9PF0Gp02L-OIShOr7K6pb8lXTkzuiSUySNrSTUEjKLV HTTP/1.1" 200 109  
INFO  2016-12-23 15:03:18,954 86n9qeGEjHX0vIUf-Up8d9PF0Gp02L-OIShOr7K6pb8lXTkzuiSUySNrSTUEjKLV  
INFO  2016-12-23 15:03:18,957 Starting new HTTPS connection (1): qyapi.weixin.qq.com  
DEBUG  2016-12-23 15:03:19,153 "POST /cgi-bin/message/send?access_token=86n9qeGEjHX0vIUf-Up8d9PF0Gp02L-OIShOr7K6pb8lXTkzuiSUySNrSTUEjKLV HTTP/1.1" 200 109  
INFO  2016-12-23 15:04:54,117 86n9qeGEjHX0vIUf-Up8d9PF0Gp02L-OIShOr7K6pb8lXTkzuiSUySNrSTUEjKLV  
INFO  2016-12-23 15:04:54,118 Starting new HTTPS connection (1): qyapi.weixin.qq.com  
DEBUG  2016-12-23 15:04:54,305 "POST /cgi-bin/message/send?access_token=86n9qeGEjHX0vIUf-Up8d9PF0Gp02L-OIShOr7K6pb8lXTkzuiSUySNrSTUEjKLV HTTP/1.1" 200 109  
INFO  2016-12-23 15:05:01,207 86n9qeGEjHX0vIUf-Up8d9PF0Gp02L-OIShOr7K6pb8lXTkzuiSUySNrSTUEjKLV  
INFO  2016-12-23 15:05:01,209 Starting new HTTPS connection (1): qyapi.weixin.qq.com  
INFO  2016-12-23 15:05:10,056 86n9qeGEjHX0vIUf-Up8d9PF0Gp02L-OIShOr7K6pb8lXTkzuiSUySNrSTUEjKLV  
INFO  2016-12-23 15:05:10,058 Starting new HTTPS connection (1): qyapi.weixin.qq.com  
DEBUG  2016-12-23 15:05:10,263 "POST /cgi-bin/message/send?access_token=86n9qeGEjHX0vIUf-Up8d9PF0Gp02L-OIShOr7K6pb8lXTkzuiSUySNrSTUEjKLV HTTP/1.1" 200 109  
INFO  2016-12-23 15:06:42,994 86n9qeGEjHX0vIUf-Up8d9PF0Gp02L-OIShOr7K6pb8lXTkzuiSUySNrSTUEjKLV  
INFO  2016-12-23 15:06:42,996 Starting new HTTPS connection (1): qyapi.weixin.qq.com  
DEBUG  2016-12-23 15:06:43,198 "POST /cgi-bin/message/send?access_token=86n9qeGEjHX0vIUf-Up8d9PF0Gp02L-OIShOr7K6pb8lXTkzuiSUySNrSTUEjKLV HTTP/1.1" 200 109  
INFO  2016-12-23 15:11:08,469 86n9qeGEjHX0vIUf-Up8d9PF0Gp02L-OIShOr7K6pb8lXTkzuiSUySNrSTUEjKLV  
INFO  2016-12-23 15:11:08,470 Starting new HTTPS connection (1): qyapi.weixin.qq.com  
INFO  2016-12-23 15:11:17,749 86n9qeGEjHX0vIUf-Up8d9PF0Gp02L-OIShOr7K6pb8lXTkzuiSUySNrSTUEjKLV  
INFO  2016-12-23 15:11:17,750 Starting new HTTPS connection (1): qyapi.weixin.qq.com  
INFO  2016-12-23 15:11:31,648 86n9qeGEjHX0vIUf-Up8d9PF0Gp02L-OIShOr7K6pb8lXTkzuiSUySNrSTUEjKLV  
INFO  2016-12-23 15:11:31,648 Starting new HTTPS connection (1): qyapi.weixin.qq.com  
DEBUG  2016-12-23 15:11:31,845 "POST /cgi-bin/message/send?access_token=86n9qeGEjHX0vIUf-Up8d9PF0Gp02L-OIShOr7K6pb8lXTkzuiSUySNrSTUEjKLV HTTP/1.1" 200 109  
INFO  2016-12-23 15:11:40,940 86n9qeGEjHX0vIUf-Up8d9PF0Gp02L-OIShOr7K6pb8lXTkzuiSUySNrSTUEjKLV  
INFO  2016-12-23 15:11:40,941 Starting new HTTPS connection (1): qyapi.weixin.qq.com  
DEBUG  2016-12-23 15:11:41,174 "POST /cgi-bin/message/send?access_token=86n9qeGEjHX0vIUf-Up8d9PF0Gp02L-OIShOr7K6pb8lXTkzuiSUySNrSTUEjKLV HTTP/1.1" 200 27  
INFO  2016-12-23 15:13:04,361 86n9qeGEjHX0vIUf-Up8d9PF0Gp02L-OIShOr7K6pb8lXTkzuiSUySNrSTUEjKLV  
INFO  2016-12-23 15:13:14,765 86n9qeGEjHX0vIUf-Up8d9PF0Gp02L-OIShOr7K6pb8lXTkzuiSUySNrSTUEjKLV  
INFO  2016-12-23 15:13:40,059 86n9qeGEjHX0vIUf-Up8d9PF0Gp02L-OIShOr7K6pb8lXTkzuiSUySNrSTUEjKLV  
INFO  2016-12-23 15:13:55,246 86n9qeGEjHX0vIUf-Up8d9PF0Gp02L-OIShOr7K6pb8lXTkzuiSUySNrSTUEjKLV  
INFO  2016-12-23 15:13:55,247 Starting new HTTPS connection (1): qyapi.weixin.qq.com  
DEBUG  2016-12-23 15:13:55,473 "POST /cgi-bin/message/send?access_token=86n9qeGEjHX0vIUf-Up8d9PF0Gp02L-OIShOr7K6pb8lXTkzuiSUySNrSTUEjKLV HTTP/1.1" 200 27  
INFO  2016-12-23 15:15:04,993 86n9qeGEjHX0vIUf-Up8d9PF0Gp02L-OIShOr7K6pb8lXTkzuiSUySNrSTUEjKLV  
INFO  2016-12-23 15:15:04,994 Starting new HTTPS connection (1): qyapi.weixin.qq.com  
DEBUG  2016-12-23 15:15:05,224 "POST /cgi-bin/message/send?access_token=86n9qeGEjHX0vIUf-Up8d9PF0Gp02L-OIShOr7K6pb8lXTkzuiSUySNrSTUEjKLV HTTP/1.1" 200 27  
INFO  2016-12-23 15:15:58,184 86n9qeGEjHX0vIUf-Up8d9PF0Gp02L-OIShOr7K6pb8lXTkzuiSUySNrSTUEjKLV  
INFO  2016-12-23 15:15:58,184 Starting new HTTPS connection (1): qyapi.weixin.qq.com  
DEBUG  2016-12-23 15:15:58,424 "POST /cgi-bin/message/send?access_token=86n9qeGEjHX0vIUf-Up8d9PF0Gp02L-OIShOr7K6pb8lXTkzuiSUySNrSTUEjKLV HTTP/1.1" 200 27  
INFO  2016-12-23 15:16:53,025 86n9qeGEjHX0vIUf-Up8d9PF0Gp02L-OIShOr7K6pb8lXTkzuiSUySNrSTUEjKLV  
INFO  2016-12-23 15:16:53,026 Starting new HTTPS connection (1): qyapi.weixin.qq.com  
DEBUG  2016-12-23 15:16:53,255 "POST /cgi-bin/message/send?access_token=86n9qeGEjHX0vIUf-Up8d9PF0Gp02L-OIShOr7K6pb8lXTkzuiSUySNrSTUEjKLV HTTP/1.1" 200 27  
INFO  2016-12-23 17:09:22,868 4bkw4t98_dpPGXG3rm1013t_d_p7whlq8_0htvQpfHfygF_jp9ycFOFNjJjvHDpk  
INFO  2016-12-23 17:09:22,869 Starting new HTTPS connection (1): qyapi.weixin.qq.com  
DEBUG  2016-12-23 17:09:23,526 "POST /cgi-bin/menu/create?access_token=4bkw4t98_dpPGXG3rm1013t_d_p7whlq8_0htvQpfHfygF_jp9ycFOFNjJjvHDpk&agentid=1 HTTP/1.1" 200 27  
INFO  2017-02-06 09:56:44,516 P8ch7DZtpKvPtWsIH324cafO7-qJh_NDGMEgoJ7sSIGeGf1536HWINIRhmMI2Pco  
INFO  2017-02-06 09:56:44,566 Starting new HTTPS connection (1): qyapi.weixin.qq.com  
DEBUG  2017-02-06 09:56:44,845 "POST /cgi-bin/message/send?access_token=P8ch7DZtpKvPtWsIH324cafO7-qJh_NDGMEgoJ7sSIGeGf1536HWINIRhmMI2Pco HTTP/1.1" 200 27  
INFO  2017-02-07 09:24:12,048 FHbXn7milsrHPxOt0846FgXH63f6SwxspnRgJZpzIXcZHcVia5r_wVw4rOjWouV6  
INFO  2017-02-07 09:24:12,051 Starting new HTTPS connection (1): qyapi.weixin.qq.com  
DEBUG  2017-02-07 09:24:12,822 "POST /cgi-bin/menu/delete?access_token=FHbXn7milsrHPxOt0846FgXH63f6SwxspnRgJZpzIXcZHcVia5r_wVw4rOjWouV6&agentid=1 HTTP/1.1" 200 27  
