INFO  2017-02-06 09:57:01,195 P8ch7DZtpKvPtWsIH324cafO7-qJh_NDGMEgoJ7sSIGeGf1536HWINIRhmMI2Pco  
DEBUG  2017-02-06 09:57:01,197 Starting new HTTPS connection (1): qyapi.weixin.qq.com  
DEBUG  2017-02-06 09:57:01,402 https://qyapi.weixin.qq.com:443 "POST /cgi-bin/message/send?access_token=P8ch7DZtpKvPtWsIH324cafO7-qJh_NDGMEgoJ7sSIGeGf1536HWINIRhmMI2Pco HTTP/1.1" 200 65  
INFO  2017-02-06 09:57:57,905 P8ch7DZtpKvPtWsIH324cafO7-qJh_NDGMEgoJ7sSIGeGf1536HWINIRhmMI2Pco  
DEBUG  2017-02-06 09:57:57,907 Starting new HTTPS connection (1): qyapi.weixin.qq.com  
DEBUG  2017-02-06 09:57:58,129 https://qyapi.weixin.qq.com:443 "POST /cgi-bin/message/send?access_token=P8ch7DZtpKvPtWsIH324cafO7-qJh_NDGMEgoJ7sSIGeGf1536HWINIRhmMI2Pco HTTP/1.1" 200 65  
INFO  2017-02-06 09:59:39,727 P8ch7DZtpKvPtWsIH324cafO7-qJh_NDGMEgoJ7sSIGeGf1536HWINIRhmMI2Pco  
DEBUG  2017-02-06 09:59:39,730 Starting new HTTPS connection (1): qyapi.weixin.qq.com  
DEBUG  2017-02-06 09:59:39,956 https://qyapi.weixin.qq.com:443 "POST /cgi-bin/message/send?access_token=P8ch7DZtpKvPtWsIH324cafO7-qJh_NDGMEgoJ7sSIGeGf1536HWINIRhmMI2Pco HTTP/1.1" 200 65  
INFO  2017-02-06 10:00:30,952 P8ch7DZtpKvPtWsIH324cafO7-qJh_NDGMEgoJ7sSIGeGf1536HWINIRhmMI2Pco  
DEBUG  2017-02-06 10:00:30,955 Starting new HTTPS connection (1): qyapi.weixin.qq.com  
DEBUG  2017-02-06 10:00:31,164 https://qyapi.weixin.qq.com:443 "POST /cgi-bin/message/send?access_token=P8ch7DZtpKvPtWsIH324cafO7-qJh_NDGMEgoJ7sSIGeGf1536HWINIRhmMI2Pco HTTP/1.1" 200 65  
INFO  2017-02-06 10:00:54,535 P8ch7DZtpKvPtWsIH324cafO7-qJh_NDGMEgoJ7sSIGeGf1536HWINIRhmMI2Pco  
DEBUG  2017-02-06 10:00:54,538 Starting new HTTPS connection (1): qyapi.weixin.qq.com  
DEBUG  2017-02-06 10:00:54,788 https://qyapi.weixin.qq.com:443 "POST /cgi-bin/message/send?access_token=P8ch7DZtpKvPtWsIH324cafO7-qJh_NDGMEgoJ7sSIGeGf1536HWINIRhmMI2Pco HTTP/1.1" 200 27  
INFO  2017-02-06 10:01:42,105 P8ch7DZtpKvPtWsIH324cafO7-qJh_NDGMEgoJ7sSIGeGf1536HWINIRhmMI2Pco  
DEBUG  2017-02-06 10:01:42,107 Starting new HTTPS connection (1): qyapi.weixin.qq.com  
DEBUG  2017-02-06 10:01:42,298 https://qyapi.weixin.qq.com:443 "POST /cgi-bin/message/send?access_token=P8ch7DZtpKvPtWsIH324cafO7-qJh_NDGMEgoJ7sSIGeGf1536HWINIRhmMI2Pco HTTP/1.1" 200 65  
INFO  2017-02-06 10:02:00,495 P8ch7DZtpKvPtWsIH324cafO7-qJh_NDGMEgoJ7sSIGeGf1536HWINIRhmMI2Pco  
DEBUG  2017-02-06 10:02:00,498 Starting new HTTPS connection (1): qyapi.weixin.qq.com  
DEBUG  2017-02-06 10:02:00,753 https://qyapi.weixin.qq.com:443 "POST /cgi-bin/message/send?access_token=P8ch7DZtpKvPtWsIH324cafO7-qJh_NDGMEgoJ7sSIGeGf1536HWINIRhmMI2Pco HTTP/1.1" 200 27  
INFO  2017-02-06 10:35:32,135 P8ch7DZtpKvPtWsIH324cafO7-qJh_NDGMEgoJ7sSIGeGf1536HWINIRhmMI2Pco  
DEBUG  2017-02-06 10:35:32,139 Starting new HTTPS connection (1): qyapi.weixin.qq.com  
DEBUG  2017-02-06 10:35:32,365 https://qyapi.weixin.qq.com:443 "POST /cgi-bin/message/send?access_token=P8ch7DZtpKvPtWsIH324cafO7-qJh_NDGMEgoJ7sSIGeGf1536HWINIRhmMI2Pco HTTP/1.1" 200 27  
INFO  2017-06-05 22:14:30,083 G93YPJxH3Opze5ZAgGffKIbKTXSEfFZF9Dv2lf6_Y9sxmiTRjhcpnVn4jdn9_ziiuK3vOiyU60DA3sQ_cukMcojz1VnCCaACbyzIjwy88cFxc8vTksICd4BVGmVfuFZQXGQqDfaTBRhwzWkhhsErE3PR0wbliFOxYLS0CgV0A__ojtPWKEMiSm6ExfTPD6YTFrMRMwKFNxLhKHtIl9XxPU5AziOL6d0VRQV9fKfCHMQCLmxccvv85mPzI3jUb9NPsKS1JbhXNXtz-IGrMZZYSWjTH67EoHKlQHiZryb6HP0  
DEBUG  2017-06-05 22:14:30,086 Starting new HTTPS connection (1): qyapi.weixin.qq.com  
DEBUG  2017-06-05 22:14:30,350 https://qyapi.weixin.qq.com:443 "POST /cgi-bin/message/send?access_token=G93YPJxH3Opze5ZAgGffKIbKTXSEfFZF9Dv2lf6_Y9sxmiTRjhcpnVn4jdn9_ziiuK3vOiyU60DA3sQ_cukMcojz1VnCCaACbyzIjwy88cFxc8vTksICd4BVGmVfuFZQXGQqDfaTBRhwzWkhhsErE3PR0wbliFOxYLS0CgV0A__ojtPWKEMiSm6ExfTPD6YTFrMRMwKFNxLhKHtIl9XxPU5AziOL6d0VRQV9fKfCHMQCLmxccvv85mPzI3jUb9NPsKS1JbhXNXtz-IGrMZZYSWjTH67EoHKlQHiZryb6HP0 HTTP/1.1" 200 87  
INFO  2017-06-05 22:16:01,857 G93YPJxH3Opze5ZAgGffKIbKTXSEfFZF9Dv2lf6_Y9sxmiTRjhcpnVn4jdn9_ziiuK3vOiyU60DA3sQ_cukMcojz1VnCCaACbyzIjwy88cFxc8vTksICd4BVGmVfuFZQXGQqDfaTBRhwzWkhhsErE3PR0wbliFOxYLS0CgV0A__ojtPWKEMiSm6ExfTPD6YTFrMRMwKFNxLhKHtIl9XxPU5AziOL6d0VRQV9fKfCHMQCLmxccvv85mPzI3jUb9NPsKS1JbhXNXtz-IGrMZZYSWjTH67EoHKlQHiZryb6HP0  
DEBUG  2017-06-05 22:16:01,860 Starting new HTTPS connection (1): qyapi.weixin.qq.com  
DEBUG  2017-06-05 22:16:02,125 https://qyapi.weixin.qq.com:443 "POST /cgi-bin/message/send?access_token=G93YPJxH3Opze5ZAgGffKIbKTXSEfFZF9Dv2lf6_Y9sxmiTRjhcpnVn4jdn9_ziiuK3vOiyU60DA3sQ_cukMcojz1VnCCaACbyzIjwy88cFxc8vTksICd4BVGmVfuFZQXGQqDfaTBRhwzWkhhsErE3PR0wbliFOxYLS0CgV0A__ojtPWKEMiSm6ExfTPD6YTFrMRMwKFNxLhKHtIl9XxPU5AziOL6d0VRQV9fKfCHMQCLmxccvv85mPzI3jUb9NPsKS1JbhXNXtz-IGrMZZYSWjTH67EoHKlQHiZryb6HP0 HTTP/1.1" 200 87  
INFO  2017-06-05 22:17:28,397 G93YPJxH3Opze5ZAgGffKIbKTXSEfFZF9Dv2lf6_Y9sxmiTRjhcpnVn4jdn9_ziiuK3vOiyU60DA3sQ_cukMcojz1VnCCaACbyzIjwy88cFxc8vTksICd4BVGmVfuFZQXGQqDfaTBRhwzWkhhsErE3PR0wbliFOxYLS0CgV0A__ojtPWKEMiSm6ExfTPD6YTFrMRMwKFNxLhKHtIl9XxPU5AziOL6d0VRQV9fKfCHMQCLmxccvv85mPzI3jUb9NPsKS1JbhXNXtz-IGrMZZYSWjTH67EoHKlQHiZryb6HP0  
DEBUG  2017-06-05 22:17:28,400 Starting new HTTPS connection (1): qyapi.weixin.qq.com  
DEBUG  2017-06-05 22:17:28,815 https://qyapi.weixin.qq.com:443 "POST /cgi-bin/message/send?access_token=G93YPJxH3Opze5ZAgGffKIbKTXSEfFZF9Dv2lf6_Y9sxmiTRjhcpnVn4jdn9_ziiuK3vOiyU60DA3sQ_cukMcojz1VnCCaACbyzIjwy88cFxc8vTksICd4BVGmVfuFZQXGQqDfaTBRhwzWkhhsErE3PR0wbliFOxYLS0CgV0A__ojtPWKEMiSm6ExfTPD6YTFrMRMwKFNxLhKHtIl9XxPU5AziOL6d0VRQV9fKfCHMQCLmxccvv85mPzI3jUb9NPsKS1JbhXNXtz-IGrMZZYSWjTH67EoHKlQHiZryb6HP0 HTTP/1.1" 200 44  
INFO  2017-06-05 22:18:04,030 G93YPJxH3Opze5ZAgGffKIbKTXSEfFZF9Dv2lf6_Y9sxmiTRjhcpnVn4jdn9_ziiuK3vOiyU60DA3sQ_cukMcojz1VnCCaACbyzIjwy88cFxc8vTksICd4BVGmVfuFZQXGQqDfaTBRhwzWkhhsErE3PR0wbliFOxYLS0CgV0A__ojtPWKEMiSm6ExfTPD6YTFrMRMwKFNxLhKHtIl9XxPU5AziOL6d0VRQV9fKfCHMQCLmxccvv85mPzI3jUb9NPsKS1JbhXNXtz-IGrMZZYSWjTH67EoHKlQHiZryb6HP0  
DEBUG  2017-06-05 22:18:04,032 Starting new HTTPS connection (1): qyapi.weixin.qq.com  
DEBUG  2017-06-05 22:18:04,425 https://qyapi.weixin.qq.com:443 "POST /cgi-bin/message/send?access_token=G93YPJxH3Opze5ZAgGffKIbKTXSEfFZF9Dv2lf6_Y9sxmiTRjhcpnVn4jdn9_ziiuK3vOiyU60DA3sQ_cukMcojz1VnCCaACbyzIjwy88cFxc8vTksICd4BVGmVfuFZQXGQqDfaTBRhwzWkhhsErE3PR0wbliFOxYLS0CgV0A__ojtPWKEMiSm6ExfTPD6YTFrMRMwKFNxLhKHtIl9XxPU5AziOL6d0VRQV9fKfCHMQCLmxccvv85mPzI3jUb9NPsKS1JbhXNXtz-IGrMZZYSWjTH67EoHKlQHiZryb6HP0 HTTP/1.1" 200 44  
INFO  2017-08-06 13:46:32,415 YR1-eGpt4oAAL9cJrWKOm5WvSaIdQZbvPBumVCQYxbDl3oECPNtT76but1gDpEI3MKShZE2DVY4VYurxl47DntpBsGrxyMpuZghfwtrTtolxrZYEa2jYS1dssNjOHLew9JoKfGPvTjXvGaJePCKFowR-rtWgoDAigN4i6PmlY8mIcqg6TTOmFV2g1xJs76-lF-u9RoxBVZ8AfBgFxtFtCe9Ev7gDAcQaokmDP6iFvt0KzkAQED4lwLylMNMb7dU9C5vdnZpQaUX6JA2nTXjIN4NL4tZ1wyxjdr5dIsvFHAs  
INFO  2017-09-25 17:49:20,178 qaUyelI6QkJkUFT6XYSIo_SjkE3hVyBfWAhzUSWOWNN-9x5E56YjXkICntfGV5Mp-Sl_VRPGv5WszqXvfd6qfCp4pCbeDB_6htT9PBtBC0Mj8AME6gZCMmQ6Iquad8PNO0-Nhykhq_rqJgQ5_kJ1dW2y-tpx-Ou7_1o-iOE133pl3Ao5smnt2Ewb0B2U2k-f85ODuWVFbqPP4KU3uuJlhzUimDGqZOl_iOj07ta_Cdcts2GTWfE3Om--EDiJ5zaaO4mwE9FiY7pCNl84l-Ei-wWgSrPevjRuRi4rj2zNzMM  
DEBUG  2017-09-25 17:49:20,181 Starting new HTTPS connection (1): qyapi.weixin.qq.com  
DEBUG  2017-09-25 17:49:20,635 https://qyapi.weixin.qq.com:443 "POST /cgi-bin/message/send?access_token=qaUyelI6QkJkUFT6XYSIo_SjkE3hVyBfWAhzUSWOWNN-9x5E56YjXkICntfGV5Mp-Sl_VRPGv5WszqXvfd6qfCp4pCbeDB_6htT9PBtBC0Mj8AME6gZCMmQ6Iquad8PNO0-Nhykhq_rqJgQ5_kJ1dW2y-tpx-Ou7_1o-iOE133pl3Ao5smnt2Ewb0B2U2k-f85ODuWVFbqPP4KU3uuJlhzUimDGqZOl_iOj07ta_Cdcts2GTWfE3Om--EDiJ5zaaO4mwE9FiY7pCNl84l-Ei-wWgSrPevjRuRi4rj2zNzMM HTTP/1.1" 200 53  
INFO  2017-09-25 17:49:50,021 qaUyelI6QkJkUFT6XYSIo_SjkE3hVyBfWAhzUSWOWNN-9x5E56YjXkICntfGV5Mp-Sl_VRPGv5WszqXvfd6qfCp4pCbeDB_6htT9PBtBC0Mj8AME6gZCMmQ6Iquad8PNO0-Nhykhq_rqJgQ5_kJ1dW2y-tpx-Ou7_1o-iOE133pl3Ao5smnt2Ewb0B2U2k-f85ODuWVFbqPP4KU3uuJlhzUimDGqZOl_iOj07ta_Cdcts2GTWfE3Om--EDiJ5zaaO4mwE9FiY7pCNl84l-Ei-wWgSrPevjRuRi4rj2zNzMM  
DEBUG  2017-09-25 17:49:50,023 Starting new HTTPS connection (1): qyapi.weixin.qq.com  
DEBUG  2017-09-25 17:49:50,441 https://qyapi.weixin.qq.com:443 "POST /cgi-bin/message/send?access_token=qaUyelI6QkJkUFT6XYSIo_SjkE3hVyBfWAhzUSWOWNN-9x5E56YjXkICntfGV5Mp-Sl_VRPGv5WszqXvfd6qfCp4pCbeDB_6htT9PBtBC0Mj8AME6gZCMmQ6Iquad8PNO0-Nhykhq_rqJgQ5_kJ1dW2y-tpx-Ou7_1o-iOE133pl3Ao5smnt2Ewb0B2U2k-f85ODuWVFbqPP4KU3uuJlhzUimDGqZOl_iOj07ta_Cdcts2GTWfE3Om--EDiJ5zaaO4mwE9FiY7pCNl84l-Ei-wWgSrPevjRuRi4rj2zNzMM HTTP/1.1" 200 50  
INFO  2017-09-25 17:50:06,448 qaUyelI6QkJkUFT6XYSIo_SjkE3hVyBfWAhzUSWOWNN-9x5E56YjXkICntfGV5Mp-Sl_VRPGv5WszqXvfd6qfCp4pCbeDB_6htT9PBtBC0Mj8AME6gZCMmQ6Iquad8PNO0-Nhykhq_rqJgQ5_kJ1dW2y-tpx-Ou7_1o-iOE133pl3Ao5smnt2Ewb0B2U2k-f85ODuWVFbqPP4KU3uuJlhzUimDGqZOl_iOj07ta_Cdcts2GTWfE3Om--EDiJ5zaaO4mwE9FiY7pCNl84l-Ei-wWgSrPevjRuRi4rj2zNzMM  
DEBUG  2017-09-25 17:50:06,450 Starting new HTTPS connection (1): qyapi.weixin.qq.com  
DEBUG  2017-09-25 17:50:06,868 https://qyapi.weixin.qq.com:443 "POST /cgi-bin/message/send?access_token=qaUyelI6QkJkUFT6XYSIo_SjkE3hVyBfWAhzUSWOWNN-9x5E56YjXkICntfGV5Mp-Sl_VRPGv5WszqXvfd6qfCp4pCbeDB_6htT9PBtBC0Mj8AME6gZCMmQ6Iquad8PNO0-Nhykhq_rqJgQ5_kJ1dW2y-tpx-Ou7_1o-iOE133pl3Ao5smnt2Ewb0B2U2k-f85ODuWVFbqPP4KU3uuJlhzUimDGqZOl_iOj07ta_Cdcts2GTWfE3Om--EDiJ5zaaO4mwE9FiY7pCNl84l-Ei-wWgSrPevjRuRi4rj2zNzMM HTTP/1.1" 200 54  
INFO  2017-09-25 17:50:21,867 qaUyelI6QkJkUFT6XYSIo_SjkE3hVyBfWAhzUSWOWNN-9x5E56YjXkICntfGV5Mp-Sl_VRPGv5WszqXvfd6qfCp4pCbeDB_6htT9PBtBC0Mj8AME6gZCMmQ6Iquad8PNO0-Nhykhq_rqJgQ5_kJ1dW2y-tpx-Ou7_1o-iOE133pl3Ao5smnt2Ewb0B2U2k-f85ODuWVFbqPP4KU3uuJlhzUimDGqZOl_iOj07ta_Cdcts2GTWfE3Om--EDiJ5zaaO4mwE9FiY7pCNl84l-Ei-wWgSrPevjRuRi4rj2zNzMM  
DEBUG  2017-09-25 17:50:21,869 Starting new HTTPS connection (1): qyapi.weixin.qq.com  
DEBUG  2017-09-25 17:50:22,364 https://qyapi.weixin.qq.com:443 "POST /cgi-bin/message/send?access_token=qaUyelI6QkJkUFT6XYSIo_SjkE3hVyBfWAhzUSWOWNN-9x5E56YjXkICntfGV5Mp-Sl_VRPGv5WszqXvfd6qfCp4pCbeDB_6htT9PBtBC0Mj8AME6gZCMmQ6Iquad8PNO0-Nhykhq_rqJgQ5_kJ1dW2y-tpx-Ou7_1o-iOE133pl3Ao5smnt2Ewb0B2U2k-f85ODuWVFbqPP4KU3uuJlhzUimDGqZOl_iOj07ta_Cdcts2GTWfE3Om--EDiJ5zaaO4mwE9FiY7pCNl84l-Ei-wWgSrPevjRuRi4rj2zNzMM HTTP/1.1" 200 44  
INFO  2017-09-25 17:50:33,187 qaUyelI6QkJkUFT6XYSIo_SjkE3hVyBfWAhzUSWOWNN-9x5E56YjXkICntfGV5Mp-Sl_VRPGv5WszqXvfd6qfCp4pCbeDB_6htT9PBtBC0Mj8AME6gZCMmQ6Iquad8PNO0-Nhykhq_rqJgQ5_kJ1dW2y-tpx-Ou7_1o-iOE133pl3Ao5smnt2Ewb0B2U2k-f85ODuWVFbqPP4KU3uuJlhzUimDGqZOl_iOj07ta_Cdcts2GTWfE3Om--EDiJ5zaaO4mwE9FiY7pCNl84l-Ei-wWgSrPevjRuRi4rj2zNzMM  
DEBUG  2017-09-25 17:50:33,189 Starting new HTTPS connection (1): qyapi.weixin.qq.com  
DEBUG  2017-09-25 17:50:33,686 https://qyapi.weixin.qq.com:443 "POST /cgi-bin/message/send?access_token=qaUyelI6QkJkUFT6XYSIo_SjkE3hVyBfWAhzUSWOWNN-9x5E56YjXkICntfGV5Mp-Sl_VRPGv5WszqXvfd6qfCp4pCbeDB_6htT9PBtBC0Mj8AME6gZCMmQ6Iquad8PNO0-Nhykhq_rqJgQ5_kJ1dW2y-tpx-Ou7_1o-iOE133pl3Ao5smnt2Ewb0B2U2k-f85ODuWVFbqPP4KU3uuJlhzUimDGqZOl_iOj07ta_Cdcts2GTWfE3Om--EDiJ5zaaO4mwE9FiY7pCNl84l-Ei-wWgSrPevjRuRi4rj2zNzMM HTTP/1.1" 200 44  
INFO  2017-09-25 17:50:49,382 qaUyelI6QkJkUFT6XYSIo_SjkE3hVyBfWAhzUSWOWNN-9x5E56YjXkICntfGV5Mp-Sl_VRPGv5WszqXvfd6qfCp4pCbeDB_6htT9PBtBC0Mj8AME6gZCMmQ6Iquad8PNO0-Nhykhq_rqJgQ5_kJ1dW2y-tpx-Ou7_1o-iOE133pl3Ao5smnt2Ewb0B2U2k-f85ODuWVFbqPP4KU3uuJlhzUimDGqZOl_iOj07ta_Cdcts2GTWfE3Om--EDiJ5zaaO4mwE9FiY7pCNl84l-Ei-wWgSrPevjRuRi4rj2zNzMM  
DEBUG  2017-09-25 17:50:49,384 Starting new HTTPS connection (1): qyapi.weixin.qq.com  
DEBUG  2017-09-25 17:50:49,867 https://qyapi.weixin.qq.com:443 "POST /cgi-bin/message/send?access_token=qaUyelI6QkJkUFT6XYSIo_SjkE3hVyBfWAhzUSWOWNN-9x5E56YjXkICntfGV5Mp-Sl_VRPGv5WszqXvfd6qfCp4pCbeDB_6htT9PBtBC0Mj8AME6gZCMmQ6Iquad8PNO0-Nhykhq_rqJgQ5_kJ1dW2y-tpx-Ou7_1o-iOE133pl3Ao5smnt2Ewb0B2U2k-f85ODuWVFbqPP4KU3uuJlhzUimDGqZOl_iOj07ta_Cdcts2GTWfE3Om--EDiJ5zaaO4mwE9FiY7pCNl84l-Ei-wWgSrPevjRuRi4rj2zNzMM HTTP/1.1" 200 44  
INFO  2017-09-26 10:07:14,536 cqtXiYMllYI3-CXOzl0jeMRXTmmJHlKrK6LEdiyD9t9rMZCg6uAtvyZ6pHyjG7Zi9CanEDsgrW8bOHqFDZao-mdxLHP3mgCqbMA-mVgX4JVoup1MU2i_Y6iId1yFDa9gnqCOYtGD-j7ArCoeBzL15WmG6lYJyehMR5KR3byTikDB1zzNPElSf2XdLoj-vDj6G7lL2g7fF9AcFrZlqnjb0uJmxxr51tNv2ZjoesYH74HhJGi3fWGEZUyJvRAqdoh-J3hHeIpWTydo_hs9nh_2PURLt28810bxChL9JPu-w7g  
DEBUG  2017-09-26 10:07:14,539 Starting new HTTPS connection (1): qyapi.weixin.qq.com  
DEBUG  2017-09-26 10:07:14,928 https://qyapi.weixin.qq.com:443 "POST /cgi-bin/message/send?access_token=cqtXiYMllYI3-CXOzl0jeMRXTmmJHlKrK6LEdiyD9t9rMZCg6uAtvyZ6pHyjG7Zi9CanEDsgrW8bOHqFDZao-mdxLHP3mgCqbMA-mVgX4JVoup1MU2i_Y6iId1yFDa9gnqCOYtGD-j7ArCoeBzL15WmG6lYJyehMR5KR3byTikDB1zzNPElSf2XdLoj-vDj6G7lL2g7fF9AcFrZlqnjb0uJmxxr51tNv2ZjoesYH74HhJGi3fWGEZUyJvRAqdoh-J3hHeIpWTydo_hs9nh_2PURLt28810bxChL9JPu-w7g HTTP/1.1" 200 47  
INFO  2017-09-26 10:07:57,033 cqtXiYMllYI3-CXOzl0jeMRXTmmJHlKrK6LEdiyD9t9rMZCg6uAtvyZ6pHyjG7Zi9CanEDsgrW8bOHqFDZao-mdxLHP3mgCqbMA-mVgX4JVoup1MU2i_Y6iId1yFDa9gnqCOYtGD-j7ArCoeBzL15WmG6lYJyehMR5KR3byTikDB1zzNPElSf2XdLoj-vDj6G7lL2g7fF9AcFrZlqnjb0uJmxxr51tNv2ZjoesYH74HhJGi3fWGEZUyJvRAqdoh-J3hHeIpWTydo_hs9nh_2PURLt28810bxChL9JPu-w7g  
DEBUG  2017-09-26 10:07:57,036 Starting new HTTPS connection (1): qyapi.weixin.qq.com  
DEBUG  2017-09-26 10:07:57,535 https://qyapi.weixin.qq.com:443 "POST /cgi-bin/message/send?access_token=cqtXiYMllYI3-CXOzl0jeMRXTmmJHlKrK6LEdiyD9t9rMZCg6uAtvyZ6pHyjG7Zi9CanEDsgrW8bOHqFDZao-mdxLHP3mgCqbMA-mVgX4JVoup1MU2i_Y6iId1yFDa9gnqCOYtGD-j7ArCoeBzL15WmG6lYJyehMR5KR3byTikDB1zzNPElSf2XdLoj-vDj6G7lL2g7fF9AcFrZlqnjb0uJmxxr51tNv2ZjoesYH74HhJGi3fWGEZUyJvRAqdoh-J3hHeIpWTydo_hs9nh_2PURLt28810bxChL9JPu-w7g HTTP/1.1" 200 44  
INFO  2017-09-26 10:08:35,407 cqtXiYMllYI3-CXOzl0jeMRXTmmJHlKrK6LEdiyD9t9rMZCg6uAtvyZ6pHyjG7Zi9CanEDsgrW8bOHqFDZao-mdxLHP3mgCqbMA-mVgX4JVoup1MU2i_Y6iId1yFDa9gnqCOYtGD-j7ArCoeBzL15WmG6lYJyehMR5KR3byTikDB1zzNPElSf2XdLoj-vDj6G7lL2g7fF9AcFrZlqnjb0uJmxxr51tNv2ZjoesYH74HhJGi3fWGEZUyJvRAqdoh-J3hHeIpWTydo_hs9nh_2PURLt28810bxChL9JPu-w7g  
DEBUG  2017-09-26 10:08:35,409 Starting new HTTPS connection (1): qyapi.weixin.qq.com  
DEBUG  2017-09-26 10:08:35,873 https://qyapi.weixin.qq.com:443 "POST /cgi-bin/message/send?access_token=cqtXiYMllYI3-CXOzl0jeMRXTmmJHlKrK6LEdiyD9t9rMZCg6uAtvyZ6pHyjG7Zi9CanEDsgrW8bOHqFDZao-mdxLHP3mgCqbMA-mVgX4JVoup1MU2i_Y6iId1yFDa9gnqCOYtGD-j7ArCoeBzL15WmG6lYJyehMR5KR3byTikDB1zzNPElSf2XdLoj-vDj6G7lL2g7fF9AcFrZlqnjb0uJmxxr51tNv2ZjoesYH74HhJGi3fWGEZUyJvRAqdoh-J3hHeIpWTydo_hs9nh_2PURLt28810bxChL9JPu-w7g HTTP/1.1" 200 44  
